\BOOKMARK [0][-]{Doc-Start}{Abstract}{}% 1
\BOOKMARK [0][-]{chapter*.1}{Acknowledgments}{}% 2
\BOOKMARK [0][-]{chapter*.2}{Declarations}{}% 3
\BOOKMARK [0][-]{chapter.1}{Introduction}{}% 4
\BOOKMARK [0][-]{chapter.2}{Background}{}% 5
\BOOKMARK [1][-]{section.2.1}{The Study of Brain Function}{chapter.2}% 6
\BOOKMARK [1][-]{section.2.2}{Blood-oxygen-level-dependant \(BOLD\) functional Magnetic Resonance Imaging \(fMRI\)}{chapter.2}% 7
\BOOKMARK [2][-]{subsection.2.2.1}{Physiology of the BOLD Response}{section.2.2}% 8
\BOOKMARK [1][-]{section.2.3}{Task-based functional Magnetic Resonance Imaging \(t-fMRI\)}{chapter.2}% 9
\BOOKMARK [1][-]{section.2.4}{Overview of Analysis Pipeline}{chapter.2}% 10
\BOOKMARK [1][-]{section.2.5}{Preprocessing}{chapter.2}% 11
\BOOKMARK [2][-]{subsection.2.5.1}{Brain Extraction}{section.2.5}% 12
\BOOKMARK [2][-]{subsection.2.5.2}{Distortion Correction}{section.2.5}% 13
\BOOKMARK [2][-]{subsection.2.5.3}{Slice Timing Correction}{section.2.5}% 14
\BOOKMARK [2][-]{subsection.2.5.4}{Realignment}{section.2.5}% 15
\BOOKMARK [2][-]{subsection.2.5.5}{Coregistration}{section.2.5}% 16
\BOOKMARK [2][-]{subsection.2.5.6}{Spatial Normalization}{section.2.5}% 17
\BOOKMARK [2][-]{subsection.2.5.7}{Spatial Smoothing}{section.2.5}% 18
\BOOKMARK [2][-]{subsection.2.5.8}{Temporal Filtering}{section.2.5}% 19
\BOOKMARK [2][-]{subsection.2.5.9}{Grand Mean Scaling}{section.2.5}% 20
\BOOKMARK [1][-]{section.2.6}{Modelling of t-fMRI data with the General Linear Model}{chapter.2}% 21
\BOOKMARK [2][-]{subsection.2.6.1}{The GLM Set-up}{section.2.6}% 22
\BOOKMARK [2][-]{subsection.2.6.2}{Estimating the Parameters with Ordinary Least Squares \(OLS\)}{section.2.6}% 23
\BOOKMARK [2][-]{subsection.2.6.3}{Prewhitening}{section.2.6}% 24
\BOOKMARK [2][-]{subsection.2.6.4}{Estimating the Variance}{section.2.6}% 25
\BOOKMARK [2][-]{subsection.2.6.5}{Inference with Null-Hypothesis Significance Testing}{section.2.6}% 26
\BOOKMARK [2][-]{subsection.2.6.6}{First-Level \(Subject-Level\) Analysis}{section.2.6}% 27
\BOOKMARK [2][-]{subsection.2.6.7}{Second-Level \(Group-Level\) Analysis}{section.2.6}% 28
\BOOKMARK [2][-]{subsection.2.6.8}{Solving the Second-Level GLM with Homoscedastic Errors}{section.2.6}% 29
\BOOKMARK [2][-]{subsection.2.6.9}{Solving the Second-Level GLM with Hetroscedastic Errors}{section.2.6}% 30
\BOOKMARK [1][-]{section.2.7}{The Multiple Comparisons Problem}{chapter.2}% 31
\BOOKMARK [2][-]{subsection.2.7.1}{Random Field Theory for Voxelwise FWE Correction}{section.2.7}% 32
\BOOKMARK [2][-]{subsection.2.7.2}{Permutation Testing for Voxelwise FWE Correction}{section.2.7}% 33
\BOOKMARK [1][-]{section.2.8}{Conclusion}{chapter.2}% 34
\BOOKMARK [0][-]{chapter.3}{Exploring the Impact of Analysis Software on Task-fMRI Results}{}% 35
\BOOKMARK [1][-]{section.3.1}{Data and Analysis Methods}{chapter.3}% 36
\BOOKMARK [2][-]{subsection.3.1.1}{Study Description and Data Source}{section.3.1}% 37
\BOOKMARK [2][-]{subsection.3.1.2}{Data Analyses}{section.3.1}% 38
\BOOKMARK [2][-]{subsection.3.1.3}{Comparison Methods}{section.3.1}% 39
\BOOKMARK [2][-]{subsection.3.1.4}{Permutation Test Methods}{section.3.1}% 40
\BOOKMARK [2][-]{subsection.3.1.5}{Scripting of Analyses and Figures}{section.3.1}% 41
\BOOKMARK [1][-]{section.3.2}{Results}{chapter.3}% 42
\BOOKMARK [2][-]{subsection.3.2.1}{Cross-Software Variability for Parametric Inference}{section.3.2}% 43
\BOOKMARK [2][-]{subsection.3.2.2}{Cross-Software Variability for Nonparametric Inference}{section.3.2}% 44
\BOOKMARK [2][-]{subsection.3.2.3}{Intra-Software Variability, Parametric vs Nonparametric}{section.3.2}% 45
\BOOKMARK [1][-]{section.3.3}{Discussion}{chapter.3}% 46
\BOOKMARK [2][-]{subsection.3.3.1}{Limitations}{section.3.3}% 47
\BOOKMARK [1][-]{section.3.4}{Conclusion}{chapter.3}% 48
\BOOKMARK [0][-]{chapter.4}{Spatial Confidence Sets for Raw Effect Size Images}{}% 49
\BOOKMARK [1][-]{section.4.1}{Introduction}{chapter.4}% 50
\BOOKMARK [1][-]{section.4.2}{Theory}{chapter.4}% 51
\BOOKMARK [2][-]{subsection.4.2.1}{Overview}{section.4.2}% 52
\BOOKMARK [2][-]{subsection.4.2.2}{The Wild Bootstrap Method for Computation of k}{section.4.2}% 53
\BOOKMARK [2][-]{subsection.4.2.3}{Approximating the Boundary on a Discrete Lattice}{section.4.2}% 54
\BOOKMARK [2][-]{subsection.4.2.4}{Assessment of Continuous Coverage on a Discrete Lattice}{section.4.2}% 55
\BOOKMARK [1][-]{section.4.3}{Method}{chapter.4}% 56
\BOOKMARK [2][-]{subsection.4.3.1}{Simulations}{section.4.3}% 57
\BOOKMARK [2][-]{subsection.4.3.2}{2D Simulations}{section.4.3}% 58
\BOOKMARK [2][-]{subsection.4.3.3}{3D Simulations}{section.4.3}% 59
\BOOKMARK [2][-]{subsection.4.3.4}{Application to Human Connectome Project Data}{section.4.3}% 60
\BOOKMARK [1][-]{section.4.4}{Results}{chapter.4}% 61
\BOOKMARK [2][-]{subsection.4.4.1}{Methodological Comparisons}{section.4.4}% 62
\BOOKMARK [2][-]{subsection.4.4.2}{2D Simulations}{section.4.4}% 63
\BOOKMARK [2][-]{subsection.4.4.3}{3D Simulations}{section.4.4}% 64
\BOOKMARK [2][-]{subsection.4.4.4}{Human Connectome Project}{section.4.4}% 65
\BOOKMARK [1][-]{section.4.5}{Discussion}{chapter.4}% 66
\BOOKMARK [2][-]{subsection.4.5.1}{Spatial Inference on \045BOLD Raw Effect Size}{section.4.5}% 67
\BOOKMARK [2][-]{subsection.4.5.2}{Analysis of HCP data and Simulation Results}{section.4.5}% 68
\BOOKMARK [2][-]{subsection.4.5.3}{Methodological Innovations}{section.4.5}% 69
\BOOKMARK [2][-]{subsection.4.5.4}{Limitations}{section.4.5}% 70
\BOOKMARK [1][-]{section.4.6}{Conclusion}{chapter.4}% 71
\BOOKMARK [0][-]{chapter.5}{Spatial Confidence Sets for Cohen's d Effect Size Images}{}% 72
\BOOKMARK [1][-]{section.5.1}{Theory}{chapter.5}% 73
\BOOKMARK [2][-]{subsection.5.1.1}{From \045BOLD to Cohen's d}{section.5.1}% 74
\BOOKMARK [2][-]{subsection.5.1.2}{Limiting Properties of the Cohen's d Estimator}{section.5.1}% 75
\BOOKMARK [2][-]{subsection.5.1.3}{Spatial Confidence Sets for Cohen's d Effect Size Images}{section.5.1}% 76
\BOOKMARK [2][-]{subsection.5.1.4}{Modified Residuals for the Cohen's d Wild t-bootstrap}{section.5.1}% 77
\BOOKMARK [2][-]{subsection.5.1.5}{Finite Properties of the Cohen's d Estimator and a Variance-stabilizing Transformation}{section.5.1}% 78
\BOOKMARK [2][-]{subsection.5.1.6}{Three Algorithms for Computing Cohen's d CSs}{section.5.1}% 79
\BOOKMARK [1][-]{section.5.2}{Methods}{chapter.5}% 80
\BOOKMARK [2][-]{subsection.5.2.1}{Simulations}{section.5.2}% 81
\BOOKMARK [2][-]{subsection.5.2.2}{2D Simulations}{section.5.2}% 82
\BOOKMARK [2][-]{subsection.5.2.3}{3D Simulations}{section.5.2}% 83
\BOOKMARK [2][-]{subsection.5.2.4}{Application to Human Connectome Project Data}{section.5.2}% 84
\BOOKMARK [1][-]{section.5.3}{Results}{chapter.5}% 85
\BOOKMARK [2][-]{subsection.5.3.1}{2D Simulations}{section.5.3}% 86
\BOOKMARK [2][-]{subsection.5.3.2}{3D Simulations}{section.5.3}% 87
\BOOKMARK [2][-]{subsection.5.3.3}{Human Connectome Project}{section.5.3}% 88
\BOOKMARK [1][-]{section.5.4}{Discussion}{chapter.5}% 89
\BOOKMARK [2][-]{subsection.5.4.1}{Spatial Inference on Cohen's d Effect Size}{section.5.4}% 90
\BOOKMARK [2][-]{subsection.5.4.2}{Three Algorithms for Cohen's d Confidence Sets}{section.5.4}% 91
\BOOKMARK [2][-]{subsection.5.4.3}{Limitations}{section.5.4}% 92
\BOOKMARK [1][-]{section.5.5}{Conclusion}{chapter.5}% 93
\BOOKMARK [0][-]{chapter.6}{Conclusion and Future Work}{}% 94
\BOOKMARK [0][-]{appendix.A}{Software Comparison Supplementary Material}{}% 95
\BOOKMARK [1][-]{section.A.1}{Percentage BOLD change Maps}{appendix.A}% 96
\BOOKMARK [1][-]{section.A.2}{Partial R2 Maps}{appendix.A}% 97
\BOOKMARK [1][-]{section.A.3}{Supplementary Figures}{appendix.A}% 98
\BOOKMARK [0][-]{appendix.B}{\045BOLD Confidence Sets Supplementary Material}{}% 99
\BOOKMARK [1][-]{section.B.1}{Supplementary Human Connectome Project Results}{appendix.B}% 100
\BOOKMARK [1][-]{section.B.2}{Supplementary Tables}{appendix.B}% 101
\BOOKMARK [0][-]{appendix.C}{Cohen's d Confidence Sets Supplementary Material}{}% 102
\BOOKMARK [1][-]{section.C.1}{Supplementary Human Connectome Project Results}{appendix.C}% 103
